<?xml version="1.0" encoding="UTF-8"?>
<testng-results skipped="0" failed="0" ignored="0" total="1" passed="1">
  <reporter-output>
    <line>
      <![CDATA[hi]]>
    </line>
  </reporter-output>
  <suite name="Default suite" duration-ms="49" started-at="2019-10-31T14:36:36 IST" finished-at="2019-10-31T14:36:36 IST">
    <groups>
    </groups>
    <test name="Default test" duration-ms="49" started-at="2019-10-31T14:36:36 IST" finished-at="2019-10-31T14:36:36 IST">
      <class name="rep.Demo">
        <test-method status="PASS" signature="test()[pri:0, instance:rep.Demo@6c3708b3]" name="test" duration-ms="11" started-at="2019-10-31T14:36:36 IST" finished-at="2019-10-31T14:36:36 IST">
          <reporter-output>
            <line>
              <![CDATA[hi]]>
            </line>
          </reporter-output>
        </test-method> <!-- test -->
      </class> <!-- rep.Demo -->
    </test> <!-- Default test -->
  </suite> <!-- Default suite -->
</testng-results>
